Analysis & Synthesis report for g90_lab2
Sat Mar 30 13:15:16 2019
Quartus Prime Version 18.1.0 Build 625 09/12/2018 SJ Lite Edition


---------------------
; Table of Contents ;
---------------------
  1. Legal Notice
  2. Analysis & Synthesis Summary
  3. Analysis & Synthesis Settings
  4. Parallel Compilation
  5. Analysis & Synthesis Source Files Read
  6. Analysis & Synthesis Resource Usage Summary
  7. Analysis & Synthesis Resource Utilization by Entity
  8. Registers Removed During Synthesis
  9. General Register Statistics
 10. Inverted Register Statistics
 11. Post-Synthesis Netlist Statistics for Top Partition
 12. Elapsed Time Per Partition
 13. Analysis & Synthesis Messages



----------------
; Legal Notice ;
----------------
Copyright (C) 2018  Intel Corporation. All rights reserved.
Your use of Intel Corporation's design tools, logic functions 
and other software and tools, and its AMPP partner logic 
functions, and any output files from any of the foregoing 
(including device programming or simulation files), and any 
associated documentation or information are expressly subject 
to the terms and conditions of the Intel Program License 
Subscription Agreement, the Intel Quartus Prime License Agreement,
the Intel FPGA IP License Agreement, or other applicable license
agreement, including, without limitation, that your use is for
the sole purpose of programming logic devices manufactured by
Intel and sold by Intel or its authorized distributors.  Please
refer to the applicable agreement for further details.



+-------------------------------------------------------------------------------+
; Analysis & Synthesis Summary                                                  ;
+---------------------------------+---------------------------------------------+
; Analysis & Synthesis Status     ; Successful - Sat Mar 30 13:15:16 2019       ;
; Quartus Prime Version           ; 18.1.0 Build 625 09/12/2018 SJ Lite Edition ;
; Revision Name                   ; g90_lab2                                    ;
; Top-level Entity Name           ; g90_stopwatch                               ;
; Family                          ; Cyclone V                                   ;
; Logic utilization (in ALMs)     ; N/A                                         ;
; Total registers                 ; 45                                          ;
; Total pins                      ; 46                                          ;
; Total virtual pins              ; 0                                           ;
; Total block memory bits         ; 0                                           ;
; Total DSP Blocks                ; 0                                           ;
; Total HSSI RX PCSs              ; 0                                           ;
; Total HSSI PMA RX Deserializers ; 0                                           ;
; Total HSSI TX PCSs              ; 0                                           ;
; Total HSSI PMA TX Serializers   ; 0                                           ;
; Total PLLs                      ; 0                                           ;
; Total DLLs                      ; 0                                           ;
+---------------------------------+---------------------------------------------+


+---------------------------------------------------------------------------------------------------------------------------+
; Analysis & Synthesis Settings                                                                                             ;
+---------------------------------------------------------------------------------+--------------------+--------------------+
; Option                                                                          ; Setting            ; Default Value      ;
+---------------------------------------------------------------------------------+--------------------+--------------------+
; Device                                                                          ; 5CSEMA5F31C6       ;                    ;
; Top-level entity name                                                           ; g90_stopwatch      ; g90_lab2           ;
; Family name                                                                     ; Cyclone V          ; Cyclone V          ;
; Use smart compilation                                                           ; Off                ; Off                ;
; Enable parallel Assembler and Timing Analyzer during compilation                ; On                 ; On                 ;
; Enable compact report table                                                     ; Off                ; Off                ;
; Restructure Multiplexers                                                        ; Auto               ; Auto               ;
; MLAB Add Timing Constraints For Mixed-Port Feed-Through Mode Setting Don't Care ; Off                ; Off                ;
; Create Debugging Nodes for IP Cores                                             ; Off                ; Off                ;
; Preserve fewer node names                                                       ; On                 ; On                 ;
; Intel FPGA IP Evaluation Mode                                                   ; Enable             ; Enable             ;
; Verilog Version                                                                 ; Verilog_2001       ; Verilog_2001       ;
; VHDL Version                                                                    ; VHDL_1993          ; VHDL_1993          ;
; State Machine Processing                                                        ; Auto               ; Auto               ;
; Safe State Machine                                                              ; Off                ; Off                ;
; Extract Verilog State Machines                                                  ; On                 ; On                 ;
; Extract VHDL State Machines                                                     ; On                 ; On                 ;
; Ignore Verilog initial constructs                                               ; Off                ; Off                ;
; Iteration limit for constant Verilog loops                                      ; 5000               ; 5000               ;
; Iteration limit for non-constant Verilog loops                                  ; 250                ; 250                ;
; Add Pass-Through Logic to Inferred RAMs                                         ; On                 ; On                 ;
; Infer RAMs from Raw Logic                                                       ; On                 ; On                 ;
; Parallel Synthesis                                                              ; On                 ; On                 ;
; DSP Block Balancing                                                             ; Auto               ; Auto               ;
; NOT Gate Push-Back                                                              ; On                 ; On                 ;
; Power-Up Don't Care                                                             ; On                 ; On                 ;
; Remove Redundant Logic Cells                                                    ; Off                ; Off                ;
; Remove Duplicate Registers                                                      ; On                 ; On                 ;
; Ignore CARRY Buffers                                                            ; Off                ; Off                ;
; Ignore CASCADE Buffers                                                          ; Off                ; Off                ;
; Ignore GLOBAL Buffers                                                           ; Off                ; Off                ;
; Ignore ROW GLOBAL Buffers                                                       ; Off                ; Off                ;
; Ignore LCELL Buffers                                                            ; Off                ; Off                ;
; Ignore SOFT Buffers                                                             ; On                 ; On                 ;
; Limit AHDL Integers to 32 Bits                                                  ; Off                ; Off                ;
; Optimization Technique                                                          ; Balanced           ; Balanced           ;
; Carry Chain Length                                                              ; 70                 ; 70                 ;
; Auto Carry Chains                                                               ; On                 ; On                 ;
; Auto Open-Drain Pins                                                            ; On                 ; On                 ;
; Perform WYSIWYG Primitive Resynthesis                                           ; Off                ; Off                ;
; Auto ROM Replacement                                                            ; On                 ; On                 ;
; Auto RAM Replacement                                                            ; On                 ; On                 ;
; Auto DSP Block Replacement                                                      ; On                 ; On                 ;
; Auto Shift Register Replacement                                                 ; Auto               ; Auto               ;
; Allow Shift Register Merging across Hierarchies                                 ; Auto               ; Auto               ;
; Auto Clock Enable Replacement                                                   ; On                 ; On                 ;
; Strict RAM Replacement                                                          ; Off                ; Off                ;
; Allow Synchronous Control Signals                                               ; On                 ; On                 ;
; Force Use of Synchronous Clear Signals                                          ; Off                ; Off                ;
; Auto Resource Sharing                                                           ; Off                ; Off                ;
; Allow Any RAM Size For Recognition                                              ; Off                ; Off                ;
; Allow Any ROM Size For Recognition                                              ; Off                ; Off                ;
; Allow Any Shift Register Size For Recognition                                   ; Off                ; Off                ;
; Use LogicLock Constraints during Resource Balancing                             ; On                 ; On                 ;
; Ignore translate_off and synthesis_off directives                               ; Off                ; Off                ;
; Timing-Driven Synthesis                                                         ; On                 ; On                 ;
; Report Parameter Settings                                                       ; On                 ; On                 ;
; Report Source Assignments                                                       ; On                 ; On                 ;
; Report Connectivity Checks                                                      ; On                 ; On                 ;
; Ignore Maximum Fan-Out Assignments                                              ; Off                ; Off                ;
; Synchronization Register Chain Length                                           ; 3                  ; 3                  ;
; Power Optimization During Synthesis                                             ; Normal compilation ; Normal compilation ;
; HDL message level                                                               ; Level2             ; Level2             ;
; Suppress Register Optimization Related Messages                                 ; Off                ; Off                ;
; Number of Removed Registers Reported in Synthesis Report                        ; 5000               ; 5000               ;
; Number of Swept Nodes Reported in Synthesis Report                              ; 5000               ; 5000               ;
; Number of Inverted Registers Reported in Synthesis Report                       ; 100                ; 100                ;
; Clock MUX Protection                                                            ; On                 ; On                 ;
; Auto Gated Clock Conversion                                                     ; Off                ; Off                ;
; Block Design Naming                                                             ; Auto               ; Auto               ;
; SDC constraint protection                                                       ; Off                ; Off                ;
; Synthesis Effort                                                                ; Auto               ; Auto               ;
; Shift Register Replacement - Allow Asynchronous Clear Signal                    ; On                 ; On                 ;
; Pre-Mapping Resynthesis Optimization                                            ; Off                ; Off                ;
; Analysis & Synthesis Message Level                                              ; Medium             ; Medium             ;
; Disable Register Merging Across Hierarchies                                     ; Auto               ; Auto               ;
; Resource Aware Inference For Block RAM                                          ; On                 ; On                 ;
; Automatic Parallel Synthesis                                                    ; On                 ; On                 ;
; Partial Reconfiguration Bitstream ID                                            ; Off                ; Off                ;
+---------------------------------------------------------------------------------+--------------------+--------------------+


+------------------------------------------+
; Parallel Compilation                     ;
+----------------------------+-------------+
; Processors                 ; Number      ;
+----------------------------+-------------+
; Number detected on machine ; 8           ;
; Maximum allowed            ; 4           ;
;                            ;             ;
; Average used               ; 1.00        ;
; Maximum used               ; 4           ;
;                            ;             ;
; Usage by Processor         ; % Time Used ;
;     Processor 1            ; 100.0%      ;
;     Processors 2-4         ;   0.0%      ;
+----------------------------+-------------+


+---------------------------------------------------------------------------------------------------------------------------------------------------------------------------------+
; Analysis & Synthesis Source Files Read                                                                                                                                          ;
+----------------------------------+-----------------+-----------------+------------------------------------------------------------------------------------------------+---------+
; File Name with User-Entered Path ; Used in Netlist ; File Type       ; File Name with Absolute Path                                                                   ; Library ;
+----------------------------------+-----------------+-----------------+------------------------------------------------------------------------------------------------+---------+
; g90_lab1.vhd                     ; yes             ; User VHDL File  ; C:/Users/dingm/OneDrive - McGill University/Winter 2019/ECSE 222/Labs/L2/g90_lab1.vhd          ;         ;
; g90_lab2.vhd                     ; yes             ; User VHDL File  ; C:/Users/dingm/OneDrive - McGill University/Winter 2019/ECSE 222/Labs/L2/g90_lab2.vhd          ;         ;
; g90_clock_divider.vhd            ; yes             ; User VHDL File  ; C:/Users/dingm/OneDrive - McGill University/Winter 2019/ECSE 222/Labs/L2/g90_clock_divider.vhd ;         ;
; g90_stopwatch.vhd                ; yes             ; User VHDL File  ; C:/Users/dingm/OneDrive - McGill University/Winter 2019/ECSE 222/Labs/L2/g90_stopwatch.vhd     ;         ;
+----------------------------------+-----------------+-----------------+------------------------------------------------------------------------------------------------+---------+


+---------------------------------------------------------+
; Analysis & Synthesis Resource Usage Summary             ;
+---------------------------------------------+-----------+
; Resource                                    ; Usage     ;
+---------------------------------------------+-----------+
; Estimate of Logic utilization (ALMs needed) ; 69        ;
;                                             ;           ;
; Combinational ALUT usage for logic          ; 117       ;
;     -- 7 input functions                    ; 0         ;
;     -- 6 input functions                    ; 21        ;
;     -- 5 input functions                    ; 16        ;
;     -- 4 input functions                    ; 47        ;
;     -- <=3 input functions                  ; 33        ;
;                                             ;           ;
; Dedicated logic registers                   ; 45        ;
;                                             ;           ;
; I/O pins                                    ; 46        ;
;                                             ;           ;
; Total DSP Blocks                            ; 0         ;
;                                             ;           ;
; Maximum fan-out node                        ; clk~input ;
; Maximum fan-out                             ; 44        ;
; Total fan-out                               ; 694       ;
; Average fan-out                             ; 2.73      ;
+---------------------------------------------+-----------+


+---------------------------------------------------------------------------------------------------------------------------------------------------------------------------------------------------------------------------------------+
; Analysis & Synthesis Resource Utilization by Entity                                                                                                                                                                                   ;
+----------------------------------------+---------------------+---------------------------+-------------------+------------+------+--------------+--------------------------------------------------+-------------------+--------------+
; Compilation Hierarchy Node             ; Combinational ALUTs ; Dedicated Logic Registers ; Block Memory Bits ; DSP Blocks ; Pins ; Virtual Pins ; Full Hierarchy Name                              ; Entity Name       ; Library Name ;
+----------------------------------------+---------------------+---------------------------+-------------------+------------+------+--------------+--------------------------------------------------+-------------------+--------------+
; |g90_stopwatch                         ; 117 (16)            ; 45 (1)                    ; 0                 ; 0          ; 46   ; 0            ; |g90_stopwatch                                   ; g90_stopwatch     ; work         ;
;    |g90_clock_divider:Clock_Divider_0| ; 34 (34)             ; 20 (20)                   ; 0                 ; 0          ; 0    ; 0            ; |g90_stopwatch|g90_clock_divider:Clock_Divider_0 ; g90_clock_divider ; work         ;
;    |g90_lab1:decoder_0|                ; 7 (7)               ; 0 (0)                     ; 0                 ; 0          ; 0    ; 0            ; |g90_stopwatch|g90_lab1:decoder_0                ; g90_lab1          ; work         ;
;    |g90_lab1:decoder_1|                ; 7 (7)               ; 0 (0)                     ; 0                 ; 0          ; 0    ; 0            ; |g90_stopwatch|g90_lab1:decoder_1                ; g90_lab1          ; work         ;
;    |g90_lab1:decoder_2|                ; 7 (7)               ; 0 (0)                     ; 0                 ; 0          ; 0    ; 0            ; |g90_stopwatch|g90_lab1:decoder_2                ; g90_lab1          ; work         ;
;    |g90_lab1:decoder_3|                ; 7 (7)               ; 0 (0)                     ; 0                 ; 0          ; 0    ; 0            ; |g90_stopwatch|g90_lab1:decoder_3                ; g90_lab1          ; work         ;
;    |g90_lab1:decoder_4|                ; 7 (7)               ; 0 (0)                     ; 0                 ; 0          ; 0    ; 0            ; |g90_stopwatch|g90_lab1:decoder_4                ; g90_lab1          ; work         ;
;    |g90_lab1:decoder_5|                ; 7 (7)               ; 0 (0)                     ; 0                 ; 0          ; 0    ; 0            ; |g90_stopwatch|g90_lab1:decoder_5                ; g90_lab1          ; work         ;
;    |g90_lab2:Counter_0|                ; 5 (5)               ; 4 (4)                     ; 0                 ; 0          ; 0    ; 0            ; |g90_stopwatch|g90_lab2:Counter_0                ; g90_lab2          ; work         ;
;    |g90_lab2:Counter_1|                ; 4 (4)               ; 4 (4)                     ; 0                 ; 0          ; 0    ; 0            ; |g90_stopwatch|g90_lab2:Counter_1                ; g90_lab2          ; work         ;
;    |g90_lab2:Counter_2|                ; 4 (4)               ; 4 (4)                     ; 0                 ; 0          ; 0    ; 0            ; |g90_stopwatch|g90_lab2:Counter_2                ; g90_lab2          ; work         ;
;    |g90_lab2:Counter_3|                ; 4 (4)               ; 4 (4)                     ; 0                 ; 0          ; 0    ; 0            ; |g90_stopwatch|g90_lab2:Counter_3                ; g90_lab2          ; work         ;
;    |g90_lab2:Counter_4|                ; 4 (4)               ; 4 (4)                     ; 0                 ; 0          ; 0    ; 0            ; |g90_stopwatch|g90_lab2:Counter_4                ; g90_lab2          ; work         ;
;    |g90_lab2:Counter_5|                ; 4 (4)               ; 4 (4)                     ; 0                 ; 0          ; 0    ; 0            ; |g90_stopwatch|g90_lab2:Counter_5                ; g90_lab2          ; work         ;
+----------------------------------------+---------------------+---------------------------+-------------------+------------+------+--------------+--------------------------------------------------+-------------------+--------------+
Note: For table entries with two numbers listed, the numbers in parentheses indicate the number of resources of the given type used by the specific entity alone. The numbers listed outside of parentheses indicate the total resources of the given type used by the specific entity and all of its sub-entities in the hierarchy.


+--------------------------------------------------------------------------------+
; Registers Removed During Synthesis                                             ;
+---------------------------------------+----------------------------------------+
; Register name                         ; Reason for Removal                     ;
+---------------------------------------+----------------------------------------+
; reset_clock                           ; Stuck at GND due to stuck port data_in ;
; Total Number of Removed Registers = 1 ;                                        ;
+---------------------------------------+----------------------------------------+


+------------------------------------------------------+
; General Register Statistics                          ;
+----------------------------------------------+-------+
; Statistic                                    ; Value ;
+----------------------------------------------+-------+
; Total registers                              ; 45    ;
; Number of registers using Synchronous Clear  ; 8     ;
; Number of registers using Synchronous Load   ; 0     ;
; Number of registers using Asynchronous Clear ; 25    ;
; Number of registers using Asynchronous Load  ; 0     ;
; Number of registers using Clock Enable       ; 20    ;
; Number of registers using Preset             ; 0     ;
+----------------------------------------------+-------+


+------------------------------------------------------------+
; Inverted Register Statistics                               ;
+--------------------------------------------------+---------+
; Inverted Register                                ; Fan out ;
+--------------------------------------------------+---------+
; g90_clock_divider:Clock_Divider_0|countlocal[18] ; 2       ;
; g90_clock_divider:Clock_Divider_0|countlocal[17] ; 2       ;
; g90_clock_divider:Clock_Divider_0|countlocal[16] ; 2       ;
; g90_clock_divider:Clock_Divider_0|countlocal[15] ; 2       ;
; g90_clock_divider:Clock_Divider_0|countlocal[13] ; 2       ;
; g90_clock_divider:Clock_Divider_0|countlocal[8]  ; 2       ;
; g90_clock_divider:Clock_Divider_0|countlocal[4]  ; 2       ;
; g90_clock_divider:Clock_Divider_0|countlocal[3]  ; 2       ;
; g90_clock_divider:Clock_Divider_0|countlocal[2]  ; 2       ;
; g90_clock_divider:Clock_Divider_0|countlocal[1]  ; 2       ;
; g90_clock_divider:Clock_Divider_0|countlocal[0]  ; 2       ;
; Total number of inverted registers = 11          ;         ;
+--------------------------------------------------+---------+


+-----------------------------------------------------+
; Post-Synthesis Netlist Statistics for Top Partition ;
+-----------------------+-----------------------------+
; Type                  ; Count                       ;
+-----------------------+-----------------------------+
; arriav_ff             ; 45                          ;
;     CLR               ; 25                          ;
;     ENA               ; 12                          ;
;     ENA SCLR          ; 8                           ;
; arriav_lcell_comb     ; 123                         ;
;     arith             ; 19                          ;
;         1 data inputs ; 19                          ;
;     normal            ; 104                         ;
;         1 data inputs ; 7                           ;
;         2 data inputs ; 8                           ;
;         3 data inputs ; 5                           ;
;         4 data inputs ; 47                          ;
;         5 data inputs ; 16                          ;
;         6 data inputs ; 21                          ;
; boundary_port         ; 46                          ;
;                       ;                             ;
; Max LUT depth         ; 4.00                        ;
; Average LUT depth     ; 2.41                        ;
+-----------------------+-----------------------------+


+-------------------------------+
; Elapsed Time Per Partition    ;
+----------------+--------------+
; Partition Name ; Elapsed Time ;
+----------------+--------------+
; Top            ; 00:00:00     ;
+----------------+--------------+


+-------------------------------+
; Analysis & Synthesis Messages ;
+-------------------------------+
Info: *******************************************************************
Info: Running Quartus Prime Analysis & Synthesis
    Info: Version 18.1.0 Build 625 09/12/2018 SJ Lite Edition
    Info: Processing started: Sat Mar 30 13:15:03 2019
Info: Command: quartus_map --read_settings_files=on --write_settings_files=off g90_lab2 -c g90_lab2
Warning (18236): Number of processors has not been specified which may cause overloading on shared machines.  Set the global assignment NUM_PARALLEL_PROCESSORS in your QSF to an appropriate value for best performance.
Info (20030): Parallel compilation is enabled and will use 4 of the 4 processors detected
Info (12021): Found 2 design units, including 1 entities, in source file g90_lab1.vhd
    Info (12022): Found design unit 1: g90_lab1-behavioral File: C:/Users/dingm/OneDrive - McGill University/Winter 2019/ECSE 222/Labs/L2/g90_lab1.vhd Line: 15
    Info (12023): Found entity 1: g90_lab1 File: C:/Users/dingm/OneDrive - McGill University/Winter 2019/ECSE 222/Labs/L2/g90_lab1.vhd Line: 6
Info (12021): Found 2 design units, including 1 entities, in source file g90_lab2.vhd
    Info (12022): Found design unit 1: g90_lab2-behaviour File: C:/Users/dingm/OneDrive - McGill University/Winter 2019/ECSE 222/Labs/L2/g90_lab2.vhd Line: 15
    Info (12023): Found entity 1: g90_lab2 File: C:/Users/dingm/OneDrive - McGill University/Winter 2019/ECSE 222/Labs/L2/g90_lab2.vhd Line: 6
Info (12021): Found 2 design units, including 1 entities, in source file g90_clock_divider.vhd
    Info (12022): Found design unit 1: g90_clock_divider-behaviour File: C:/Users/dingm/OneDrive - McGill University/Winter 2019/ECSE 222/Labs/L2/g90_clock_divider.vhd Line: 15
    Info (12023): Found entity 1: g90_clock_divider File: C:/Users/dingm/OneDrive - McGill University/Winter 2019/ECSE 222/Labs/L2/g90_clock_divider.vhd Line: 6
Info (12021): Found 2 design units, including 1 entities, in source file g90_stopwatch.vhd
    Info (12022): Found design unit 1: g90_stopwatch-behaviour File: C:/Users/dingm/OneDrive - McGill University/Winter 2019/ECSE 222/Labs/L2/g90_stopwatch.vhd Line: 22
    Info (12023): Found entity 1: g90_stopwatch File: C:/Users/dingm/OneDrive - McGill University/Winter 2019/ECSE 222/Labs/L2/g90_stopwatch.vhd Line: 6
Info (12127): Elaborating entity "g90_stopwatch" for the top level hierarchy
Info (12128): Elaborating entity "g90_clock_divider" for hierarchy "g90_clock_divider:Clock_Divider_0" File: C:/Users/dingm/OneDrive - McGill University/Winter 2019/ECSE 222/Labs/L2/g90_stopwatch.vhd Line: 172
Info (12128): Elaborating entity "g90_lab2" for hierarchy "g90_lab2:Counter_0" File: C:/Users/dingm/OneDrive - McGill University/Winter 2019/ECSE 222/Labs/L2/g90_stopwatch.vhd Line: 175
Info (12128): Elaborating entity "g90_lab1" for hierarchy "g90_lab1:decoder_0" File: C:/Users/dingm/OneDrive - McGill University/Winter 2019/ECSE 222/Labs/L2/g90_stopwatch.vhd Line: 183
Info (286030): Timing-Driven Synthesis is running
Info (16010): Generating hard_block partition "hard_block:auto_generated_inst"
    Info (16011): Adding 0 node(s), including 0 DDIO, 0 PLL, 0 transceiver and 0 LCELL
Info (21057): Implemented 164 device resources after synthesis - the final resource count might be different
    Info (21058): Implemented 4 input pins
    Info (21059): Implemented 42 output pins
    Info (21061): Implemented 118 logic cells
Info: Quartus Prime Analysis & Synthesis was successful. 0 errors, 1 warning
    Info: Peak virtual memory: 4875 megabytes
    Info: Processing ended: Sat Mar 30 13:15:16 2019
    Info: Elapsed time: 00:00:13
    Info: Total CPU time (on all processors): 00:00:28


