Analysis & Synthesis report for Lab
Mon Apr 08 05:49:22 2019
Quartus Prime Version 18.1.0 Build 625 09/12/2018 SJ Lite Edition


---------------------
; Table of Contents ;
---------------------
  1. Legal Notice
  2. Analysis & Synthesis Summary
  3. Analysis & Synthesis Settings
  4. Parallel Compilation
  5. Analysis & Synthesis Source Files Read
  6. Analysis & Synthesis Resource Usage Summary
  7. Analysis & Synthesis Resource Utilization by Entity
  8. User-Specified and Inferred Latches
  9. General Register Statistics
 10. Inverted Register Statistics
 11. Multiplexer Restructuring Statistics (Restructuring Performed)
 12. Parameter Settings for User Entity Instance: g56_clock_divider:clock_divider
 13. Post-Synthesis Netlist Statistics for Top Partition
 14. Elapsed Time Per Partition
 15. Analysis & Synthesis Messages



----------------
; Legal Notice ;
----------------
Copyright (C) 2018  Intel Corporation. All rights reserved.
Your use of Intel Corporation's design tools, logic functions 
and other software and tools, and its AMPP partner logic 
functions, and any output files from any of the foregoing 
(including device programming or simulation files), and any 
associated documentation or information are expressly subject 
to the terms and conditions of the Intel Program License 
Subscription Agreement, the Intel Quartus Prime License Agreement,
the Intel FPGA IP License Agreement, or other applicable license
agreement, including, without limitation, that your use is for
the sole purpose of programming logic devices manufactured by
Intel and sold by Intel or its authorized distributors.  Please
refer to the applicable agreement for further details.



+-------------------------------------------------------------------------------+
; Analysis & Synthesis Summary                                                  ;
+---------------------------------+---------------------------------------------+
; Analysis & Synthesis Status     ; Successful - Mon Apr 08 05:49:22 2019       ;
; Quartus Prime Version           ; 18.1.0 Build 625 09/12/2018 SJ Lite Edition ;
; Revision Name                   ; Lab                                         ;
; Top-level Entity Name           ; g56_stopwatch                               ;
; Family                          ; Cyclone V                                   ;
; Logic utilization (in ALMs)     ; N/A                                         ;
; Total registers                 ; 68                                          ;
; Total pins                      ; 46                                          ;
; Total virtual pins              ; 0                                           ;
; Total block memory bits         ; 0                                           ;
; Total DSP Blocks                ; 0                                           ;
; Total HSSI RX PCSs              ; 0                                           ;
; Total HSSI PMA RX Deserializers ; 0                                           ;
; Total HSSI TX PCSs              ; 0                                           ;
; Total HSSI PMA TX Serializers   ; 0                                           ;
; Total PLLs                      ; 0                                           ;
; Total DLLs                      ; 0                                           ;
+---------------------------------+---------------------------------------------+


+---------------------------------------------------------------------------------------------------------------------------+
; Analysis & Synthesis Settings                                                                                             ;
+---------------------------------------------------------------------------------+--------------------+--------------------+
; Option                                                                          ; Setting            ; Default Value      ;
+---------------------------------------------------------------------------------+--------------------+--------------------+
; Device                                                                          ; 5CSEMA5F31C6       ;                    ;
; Top-level entity name                                                           ; g56_stopwatch      ; Lab                ;
; Family name                                                                     ; Cyclone V          ; Cyclone V          ;
; Use smart compilation                                                           ; Off                ; Off                ;
; Enable parallel Assembler and Timing Analyzer during compilation                ; On                 ; On                 ;
; Enable compact report table                                                     ; Off                ; Off                ;
; Restructure Multiplexers                                                        ; Auto               ; Auto               ;
; MLAB Add Timing Constraints For Mixed-Port Feed-Through Mode Setting Don't Care ; Off                ; Off                ;
; Create Debugging Nodes for IP Cores                                             ; Off                ; Off                ;
; Preserve fewer node names                                                       ; On                 ; On                 ;
; Intel FPGA IP Evaluation Mode                                                   ; Enable             ; Enable             ;
; Verilog Version                                                                 ; Verilog_2001       ; Verilog_2001       ;
; VHDL Version                                                                    ; VHDL_1993          ; VHDL_1993          ;
; State Machine Processing                                                        ; Auto               ; Auto               ;
; Safe State Machine                                                              ; Off                ; Off                ;
; Extract Verilog State Machines                                                  ; On                 ; On                 ;
; Extract VHDL State Machines                                                     ; On                 ; On                 ;
; Ignore Verilog initial constructs                                               ; Off                ; Off                ;
; Iteration limit for constant Verilog loops                                      ; 5000               ; 5000               ;
; Iteration limit for non-constant Verilog loops                                  ; 250                ; 250                ;
; Add Pass-Through Logic to Inferred RAMs                                         ; On                 ; On                 ;
; Infer RAMs from Raw Logic                                                       ; On                 ; On                 ;
; Parallel Synthesis                                                              ; On                 ; On                 ;
; DSP Block Balancing                                                             ; Auto               ; Auto               ;
; NOT Gate Push-Back                                                              ; On                 ; On                 ;
; Power-Up Don't Care                                                             ; On                 ; On                 ;
; Remove Redundant Logic Cells                                                    ; Off                ; Off                ;
; Remove Duplicate Registers                                                      ; On                 ; On                 ;
; Ignore CARRY Buffers                                                            ; Off                ; Off                ;
; Ignore CASCADE Buffers                                                          ; Off                ; Off                ;
; Ignore GLOBAL Buffers                                                           ; Off                ; Off                ;
; Ignore ROW GLOBAL Buffers                                                       ; Off                ; Off                ;
; Ignore LCELL Buffers                                                            ; Off                ; Off                ;
; Ignore SOFT Buffers                                                             ; On                 ; On                 ;
; Limit AHDL Integers to 32 Bits                                                  ; Off                ; Off                ;
; Optimization Technique                                                          ; Balanced           ; Balanced           ;
; Carry Chain Length                                                              ; 70                 ; 70                 ;
; Auto Carry Chains                                                               ; On                 ; On                 ;
; Auto Open-Drain Pins                                                            ; On                 ; On                 ;
; Perform WYSIWYG Primitive Resynthesis                                           ; Off                ; Off                ;
; Auto ROM Replacement                                                            ; On                 ; On                 ;
; Auto RAM Replacement                                                            ; On                 ; On                 ;
; Auto DSP Block Replacement                                                      ; On                 ; On                 ;
; Auto Shift Register Replacement                                                 ; Auto               ; Auto               ;
; Allow Shift Register Merging across Hierarchies                                 ; Auto               ; Auto               ;
; Auto Clock Enable Replacement                                                   ; On                 ; On                 ;
; Strict RAM Replacement                                                          ; Off                ; Off                ;
; Allow Synchronous Control Signals                                               ; On                 ; On                 ;
; Force Use of Synchronous Clear Signals                                          ; Off                ; Off                ;
; Auto Resource Sharing                                                           ; Off                ; Off                ;
; Allow Any RAM Size For Recognition                                              ; Off                ; Off                ;
; Allow Any ROM Size For Recognition                                              ; Off                ; Off                ;
; Allow Any Shift Register Size For Recognition                                   ; Off                ; Off                ;
; Use LogicLock Constraints during Resource Balancing                             ; On                 ; On                 ;
; Ignore translate_off and synthesis_off directives                               ; Off                ; Off                ;
; Timing-Driven Synthesis                                                         ; On                 ; On                 ;
; Report Parameter Settings                                                       ; On                 ; On                 ;
; Report Source Assignments                                                       ; On                 ; On                 ;
; Report Connectivity Checks                                                      ; On                 ; On                 ;
; Ignore Maximum Fan-Out Assignments                                              ; Off                ; Off                ;
; Synchronization Register Chain Length                                           ; 3                  ; 3                  ;
; Power Optimization During Synthesis                                             ; Normal compilation ; Normal compilation ;
; HDL message level                                                               ; Level2             ; Level2             ;
; Suppress Register Optimization Related Messages                                 ; Off                ; Off                ;
; Number of Removed Registers Reported in Synthesis Report                        ; 5000               ; 5000               ;
; Number of Swept Nodes Reported in Synthesis Report                              ; 5000               ; 5000               ;
; Number of Inverted Registers Reported in Synthesis Report                       ; 100                ; 100                ;
; Clock MUX Protection                                                            ; On                 ; On                 ;
; Auto Gated Clock Conversion                                                     ; Off                ; Off                ;
; Block Design Naming                                                             ; Auto               ; Auto               ;
; SDC constraint protection                                                       ; Off                ; Off                ;
; Synthesis Effort                                                                ; Auto               ; Auto               ;
; Shift Register Replacement - Allow Asynchronous Clear Signal                    ; On                 ; On                 ;
; Pre-Mapping Resynthesis Optimization                                            ; Off                ; Off                ;
; Analysis & Synthesis Message Level                                              ; Medium             ; Medium             ;
; Disable Register Merging Across Hierarchies                                     ; Auto               ; Auto               ;
; Resource Aware Inference For Block RAM                                          ; On                 ; On                 ;
; Automatic Parallel Synthesis                                                    ; On                 ; On                 ;
; Partial Reconfiguration Bitstream ID                                            ; Off                ; Off                ;
+---------------------------------------------------------------------------------+--------------------+--------------------+


+------------------------------------------+
; Parallel Compilation                     ;
+----------------------------+-------------+
; Processors                 ; Number      ;
+----------------------------+-------------+
; Number detected on machine ; 8           ;
; Maximum allowed            ; 4           ;
;                            ;             ;
; Average used               ; 1.00        ;
; Maximum used               ; 4           ;
;                            ;             ;
; Usage by Processor         ; % Time Used ;
;     Processor 1            ; 100.0%      ;
;     Processors 2-4         ;   0.0%      ;
+----------------------------+-------------+


+------------------------------------------------------------------------------------------------------------------+
; Analysis & Synthesis Source Files Read                                                                           ;
+----------------------------------+-----------------+-----------------+---------------------------------+---------+
; File Name with User-Entered Path ; Used in Netlist ; File Type       ; File Name with Absolute Path    ; Library ;
+----------------------------------+-----------------+-----------------+---------------------------------+---------+
; E:/L2/g56_stopwatch.vhd          ; yes             ; User VHDL File  ; E:/L2/g56_stopwatch.vhd         ;         ;
; E:/L2/g56_counter.vhd            ; yes             ; User VHDL File  ; E:/L2/g56_counter.vhd           ;         ;
; E:/L2/g56_clock_divider.vhd      ; yes             ; User VHDL File  ; E:/L2/g56_clock_divider.vhd     ;         ;
; E:/L2/g56_7_segment_decoder.vhd  ; yes             ; User VHDL File  ; E:/L2/g56_7_segment_decoder.vhd ;         ;
+----------------------------------+-----------------+-----------------+---------------------------------+---------+


+---------------------------------------------------------+
; Analysis & Synthesis Resource Usage Summary             ;
+---------------------------------------------+-----------+
; Resource                                    ; Usage     ;
+---------------------------------------------+-----------+
; Estimate of Logic utilization (ALMs needed) ; 81        ;
;                                             ;           ;
; Combinational ALUT usage for logic          ; 143       ;
;     -- 7 input functions                    ; 0         ;
;     -- 6 input functions                    ; 18        ;
;     -- 5 input functions                    ; 12        ;
;     -- 4 input functions                    ; 62        ;
;     -- <=3 input functions                  ; 51        ;
;                                             ;           ;
; Dedicated logic registers                   ; 68        ;
;                                             ;           ;
; I/O pins                                    ; 46        ;
;                                             ;           ;
; Total DSP Blocks                            ; 0         ;
;                                             ;           ;
; Maximum fan-out node                        ; clk~input ;
; Maximum fan-out                             ; 44        ;
; Total fan-out                               ; 862       ;
; Average fan-out                             ; 2.84      ;
+---------------------------------------------+-----------+


+---------------------------------------------------------------------------------------------------------------------------------------------------------------------------------------------------------------------------------------+
; Analysis & Synthesis Resource Utilization by Entity                                                                                                                                                                                   ;
+--------------------------------------+---------------------+---------------------------+-------------------+------------+------+--------------+------------------------------------------------+-----------------------+--------------+
; Compilation Hierarchy Node           ; Combinational ALUTs ; Dedicated Logic Registers ; Block Memory Bits ; DSP Blocks ; Pins ; Virtual Pins ; Full Hierarchy Name                            ; Entity Name           ; Library Name ;
+--------------------------------------+---------------------+---------------------------+-------------------+------------+------+--------------+------------------------------------------------+-----------------------+--------------+
; |g56_stopwatch                       ; 143 (24)            ; 68 (11)                   ; 0                 ; 0          ; 46   ; 0            ; |g56_stopwatch                                 ; g56_stopwatch         ; work         ;
;    |g56_7_segment_decoder:decoder0|  ; 8 (8)               ; 0 (0)                     ; 0                 ; 0          ; 0    ; 0            ; |g56_stopwatch|g56_7_segment_decoder:decoder0  ; g56_7_segment_decoder ; work         ;
;    |g56_7_segment_decoder:decoder1|  ; 7 (7)               ; 0 (0)                     ; 0                 ; 0          ; 0    ; 0            ; |g56_stopwatch|g56_7_segment_decoder:decoder1  ; g56_7_segment_decoder ; work         ;
;    |g56_7_segment_decoder:decoder2|  ; 7 (7)               ; 0 (0)                     ; 0                 ; 0          ; 0    ; 0            ; |g56_stopwatch|g56_7_segment_decoder:decoder2  ; g56_7_segment_decoder ; work         ;
;    |g56_7_segment_decoder:decoder3|  ; 7 (7)               ; 0 (0)                     ; 0                 ; 0          ; 0    ; 0            ; |g56_stopwatch|g56_7_segment_decoder:decoder3  ; g56_7_segment_decoder ; work         ;
;    |g56_7_segment_decoder:decoder4|  ; 7 (7)               ; 0 (0)                     ; 0                 ; 0          ; 0    ; 0            ; |g56_stopwatch|g56_7_segment_decoder:decoder4  ; g56_7_segment_decoder ; work         ;
;    |g56_7_segment_decoder:decoder5|  ; 7 (7)               ; 0 (0)                     ; 0                 ; 0          ; 0    ; 0            ; |g56_stopwatch|g56_7_segment_decoder:decoder5  ; g56_7_segment_decoder ; work         ;
;    |g56_clock_divider:clock_divider| ; 52 (52)             ; 33 (33)                   ; 0                 ; 0          ; 0    ; 0            ; |g56_stopwatch|g56_clock_divider:clock_divider ; g56_clock_divider     ; work         ;
;    |g56_counter:counter0|            ; 4 (4)               ; 4 (4)                     ; 0                 ; 0          ; 0    ; 0            ; |g56_stopwatch|g56_counter:counter0            ; g56_counter           ; work         ;
;    |g56_counter:counter1|            ; 4 (4)               ; 4 (4)                     ; 0                 ; 0          ; 0    ; 0            ; |g56_stopwatch|g56_counter:counter1            ; g56_counter           ; work         ;
;    |g56_counter:counter2|            ; 4 (4)               ; 4 (4)                     ; 0                 ; 0          ; 0    ; 0            ; |g56_stopwatch|g56_counter:counter2            ; g56_counter           ; work         ;
;    |g56_counter:counter3|            ; 4 (4)               ; 4 (4)                     ; 0                 ; 0          ; 0    ; 0            ; |g56_stopwatch|g56_counter:counter3            ; g56_counter           ; work         ;
;    |g56_counter:counter4|            ; 4 (4)               ; 4 (4)                     ; 0                 ; 0          ; 0    ; 0            ; |g56_stopwatch|g56_counter:counter4            ; g56_counter           ; work         ;
;    |g56_counter:counter5|            ; 4 (4)               ; 4 (4)                     ; 0                 ; 0          ; 0    ; 0            ; |g56_stopwatch|g56_counter:counter5            ; g56_counter           ; work         ;
+--------------------------------------+---------------------+---------------------------+-------------------+------------+------+--------------+------------------------------------------------+-----------------------+--------------+
Note: For table entries with two numbers listed, the numbers in parentheses indicate the number of resources of the given type used by the specific entity alone. The numbers listed outside of parentheses indicate the total resources of the given type used by the specific entity and all of its sub-entities in the hierarchy.


+---------------------------------------------------------------------------------------------------+
; User-Specified and Inferred Latches                                                               ;
+----------------------------------------------------+---------------------+------------------------+
; Latch Name                                         ; Latch Enable Signal ; Free of Timing Hazards ;
+----------------------------------------------------+---------------------+------------------------+
; enable_stopwatch                                   ; GND                 ; yes                    ;
; Number of user-specified and inferred latches = 1  ;                     ;                        ;
+----------------------------------------------------+---------------------+------------------------+
Note: All latches listed above may not be present at the end of synthesis due to various synthesis optimizations.


+------------------------------------------------------+
; General Register Statistics                          ;
+----------------------------------------------+-------+
; Statistic                                    ; Value ;
+----------------------------------------------+-------+
; Total registers                              ; 68    ;
; Number of registers using Synchronous Clear  ; 21    ;
; Number of registers using Synchronous Load   ; 0     ;
; Number of registers using Asynchronous Clear ; 63    ;
; Number of registers using Asynchronous Load  ; 0     ;
; Number of registers using Clock Enable       ; 38    ;
; Number of registers using Preset             ; 0     ;
+----------------------------------------------+-------+


+------------------------------------------------------+
; Inverted Register Statistics                         ;
+--------------------------------------------+---------+
; Inverted Register                          ; Fan out ;
+--------------------------------------------+---------+
; g56_clock_divider:clock_divider|T_temp[18] ; 3       ;
; g56_clock_divider:clock_divider|T_temp[17] ; 3       ;
; g56_clock_divider:clock_divider|T_temp[16] ; 3       ;
; g56_clock_divider:clock_divider|T_temp[15] ; 3       ;
; g56_clock_divider:clock_divider|T_temp[13] ; 3       ;
; g56_clock_divider:clock_divider|T_temp[8]  ; 3       ;
; g56_clock_divider:clock_divider|T_temp[4]  ; 3       ;
; g56_clock_divider:clock_divider|T_temp[3]  ; 3       ;
; g56_clock_divider:clock_divider|T_temp[2]  ; 3       ;
; g56_clock_divider:clock_divider|T_temp[1]  ; 3       ;
; g56_clock_divider:clock_divider|T_temp[0]  ; 3       ;
; Total number of inverted registers = 11    ;         ;
+--------------------------------------------+---------+


+-------------------------------------------------------------------------------------------------------------------------------------------------------------------------+
; Multiplexer Restructuring Statistics (Restructuring Performed)                                                                                                          ;
+--------------------+-----------+---------------+----------------------+------------------------+------------+-----------------------------------------------------------+
; Multiplexer Inputs ; Bus Width ; Baseline Area ; Area if Restructured ; Saving if Restructured ; Registered ; Example Multiplexer Output                                ;
+--------------------+-----------+---------------+----------------------+------------------------+------------+-----------------------------------------------------------+
; 3:1                ; 21 bits   ; 42 LEs        ; 0 LEs                ; 42 LEs                 ; Yes        ; |g56_stopwatch|g56_clock_divider:clock_divider|T_temp[30] ;
; 3:1                ; 11 bits   ; 22 LEs        ; 11 LEs               ; 11 LEs                 ; Yes        ; |g56_stopwatch|g56_clock_divider:clock_divider|T_temp[0]  ;
+--------------------+-----------+---------------+----------------------+------------------------+------------+-----------------------------------------------------------+


+------------------------------------------------------------------------------+
; Parameter Settings for User Entity Instance: g56_clock_divider:clock_divider ;
+----------------+--------+----------------------------------------------------+
; Parameter Name ; Value  ; Type                                               ;
+----------------+--------+----------------------------------------------------+
; T              ; 500000 ; Signed Integer                                     ;
+----------------+--------+----------------------------------------------------+
Note: In order to hide this table in the UI and the text report file, please set the "Show Parameter Settings in Synthesis Report" option in "Analysis and Synthesis Settings -> More Settings" to "Off".


+-----------------------------------------------------+
; Post-Synthesis Netlist Statistics for Top Partition ;
+-----------------------+-----------------------------+
; Type                  ; Count                       ;
+-----------------------+-----------------------------+
; arriav_ff             ; 68                          ;
;     CLR               ; 30                          ;
;     ENA               ; 5                           ;
;     ENA CLR           ; 12                          ;
;     ENA CLR SCLR      ; 21                          ;
; arriav_lcell_comb     ; 155                         ;
;     arith             ; 32                          ;
;         1 data inputs ; 32                          ;
;     normal            ; 123                         ;
;         1 data inputs ; 18                          ;
;         2 data inputs ; 8                           ;
;         3 data inputs ; 5                           ;
;         4 data inputs ; 62                          ;
;         5 data inputs ; 12                          ;
;         6 data inputs ; 18                          ;
; boundary_port         ; 46                          ;
;                       ;                             ;
; Max LUT depth         ; 4.10                        ;
; Average LUT depth     ; 2.43                        ;
+-----------------------+-----------------------------+


+-------------------------------+
; Elapsed Time Per Partition    ;
+----------------+--------------+
; Partition Name ; Elapsed Time ;
+----------------+--------------+
; Top            ; 00:00:00     ;
+----------------+--------------+


+-------------------------------+
; Analysis & Synthesis Messages ;
+-------------------------------+
Info: *******************************************************************
Info: Running Quartus Prime Analysis & Synthesis
    Info: Version 18.1.0 Build 625 09/12/2018 SJ Lite Edition
    Info: Processing started: Mon Apr 08 05:49:09 2019
Info: Command: quartus_map --read_settings_files=on --write_settings_files=off Lab -c Lab
Warning (18236): Number of processors has not been specified which may cause overloading on shared machines.  Set the global assignment NUM_PARALLEL_PROCESSORS in your QSF to an appropriate value for best performance.
Info (20030): Parallel compilation is enabled and will use 4 of the 4 processors detected
Info (12021): Found 2 design units, including 1 entities, in source file e:/l2/g56_stopwatch.vhd
    Info (12022): Found design unit 1: g56_stopwatch-behaviour File: E:/L2/g56_stopwatch.vhd Line: 25
    Info (12023): Found entity 1: g56_stopwatch File: E:/L2/g56_stopwatch.vhd Line: 9
Info (12021): Found 2 design units, including 1 entities, in source file e:/l2/g56_counter.vhd
    Info (12022): Found design unit 1: g56_counter-behaviour File: E:/L2/g56_counter.vhd Line: 17
    Info (12023): Found entity 1: g56_counter File: E:/L2/g56_counter.vhd Line: 8
Info (12021): Found 2 design units, including 1 entities, in source file e:/l2/g56_clock_divider.vhd
    Info (12022): Found design unit 1: g56_clock_divider-behaviour File: E:/L2/g56_clock_divider.vhd Line: 23
    Info (12023): Found entity 1: g56_clock_divider File: E:/L2/g56_clock_divider.vhd Line: 9
Info (12021): Found 2 design units, including 1 entities, in source file e:/l2/g56_7_segment_decoder.vhd
    Info (12022): Found design unit 1: g56_7_segment_decoder-behaviour File: E:/L2/g56_7_segment_decoder.vhd Line: 21
    Info (12023): Found entity 1: g56_7_segment_decoder File: E:/L2/g56_7_segment_decoder.vhd Line: 13
Info (12127): Elaborating entity "g56_stopwatch" for the top level hierarchy
Warning (10631): VHDL Process Statement warning at g56_stopwatch.vhd(110): inferring latch(es) for signal or variable "enable_stopwatch", which holds its previous value in one or more paths through the process File: E:/L2/g56_stopwatch.vhd Line: 110
Info (10041): Inferred latch for "enable_stopwatch" at g56_stopwatch.vhd(110) File: E:/L2/g56_stopwatch.vhd Line: 110
Info (12128): Elaborating entity "g56_clock_divider" for hierarchy "g56_clock_divider:clock_divider" File: E:/L2/g56_stopwatch.vhd Line: 84
Info (12128): Elaborating entity "g56_counter" for hierarchy "g56_counter:counter0" File: E:/L2/g56_stopwatch.vhd Line: 89
Info (12128): Elaborating entity "g56_7_segment_decoder" for hierarchy "g56_7_segment_decoder:decoder0" File: E:/L2/g56_stopwatch.vhd Line: 209
Info (10041): Inferred latch for "segments[0]" at g56_7_segment_decoder.vhd(27) File: E:/L2/g56_7_segment_decoder.vhd Line: 27
Info (10041): Inferred latch for "segments[1]" at g56_7_segment_decoder.vhd(27) File: E:/L2/g56_7_segment_decoder.vhd Line: 27
Info (10041): Inferred latch for "segments[2]" at g56_7_segment_decoder.vhd(27) File: E:/L2/g56_7_segment_decoder.vhd Line: 27
Info (10041): Inferred latch for "segments[3]" at g56_7_segment_decoder.vhd(27) File: E:/L2/g56_7_segment_decoder.vhd Line: 27
Info (10041): Inferred latch for "segments[4]" at g56_7_segment_decoder.vhd(27) File: E:/L2/g56_7_segment_decoder.vhd Line: 27
Info (10041): Inferred latch for "segments[5]" at g56_7_segment_decoder.vhd(27) File: E:/L2/g56_7_segment_decoder.vhd Line: 27
Info (10041): Inferred latch for "segments[6]" at g56_7_segment_decoder.vhd(27) File: E:/L2/g56_7_segment_decoder.vhd Line: 27
Info (286030): Timing-Driven Synthesis is running
Critical Warning (18061): Ignored Power-Up Level option on the following registers
    Critical Warning (18010): Register reset0 will power up to Low File: E:/L2/g56_stopwatch.vhd Line: 64
    Critical Warning (18010): Register reset1 will power up to Low File: E:/L2/g56_stopwatch.vhd Line: 65
    Critical Warning (18010): Register reset2 will power up to Low File: E:/L2/g56_stopwatch.vhd Line: 66
    Critical Warning (18010): Register reset3 will power up to Low File: E:/L2/g56_stopwatch.vhd Line: 67
    Critical Warning (18010): Register reset4 will power up to Low File: E:/L2/g56_stopwatch.vhd Line: 68
    Critical Warning (18010): Register reset5 will power up to Low File: E:/L2/g56_stopwatch.vhd Line: 69
Info (16010): Generating hard_block partition "hard_block:auto_generated_inst"
    Info (16011): Adding 0 node(s), including 0 DDIO, 0 PLL, 0 transceiver and 0 LCELL
Info (21057): Implemented 194 device resources after synthesis - the final resource count might be different
    Info (21058): Implemented 4 input pins
    Info (21059): Implemented 42 output pins
    Info (21061): Implemented 148 logic cells
Info: Quartus Prime Analysis & Synthesis was successful. 0 errors, 9 warnings
    Info: Peak virtual memory: 4877 megabytes
    Info: Processing ended: Mon Apr 08 05:49:22 2019
    Info: Elapsed time: 00:00:13
    Info: Total CPU time (on all processors): 00:00:27


